<?xml version="1.0" encoding="UTF-8"?>
<testng-results ignored="0" total="2" passed="2" failed="0" skipped="0">
  <reporter-output>
  </reporter-output>
  <suite started-at="2022-07-21T10:45:55Z" name="Default suite" finished-at="2022-07-21T10:46:18Z" duration-ms="22375">
    <groups>
    </groups>
    <test started-at="2022-07-21T10:45:55Z" name="Default test" finished-at="2022-07-21T10:46:18Z" duration-ms="22375">
      <class name="com.facebook.qa.test.SignUpPageTest">
        <test-method is-config="true" signature="setUp()[pri:0, instance:com.facebook.qa.test.SignUpPageTest@531c311e]" started-at="2022-07-21T16:15:55Z" name="setUp" finished-at="2022-07-21T16:16:03Z" duration-ms="7126" status="PASS">
          <reporter-output>
          </reporter-output>
        </test-method> <!-- setUp -->
        <test-method signature="signUpPageTitleTest()[pri:1, instance:com.facebook.qa.test.SignUpPageTest@531c311e]" started-at="2022-07-21T16:16:03Z" name="signUpPageTitleTest" finished-at="2022-07-21T16:16:03Z" duration-ms="175" status="PASS">
          <reporter-output>
          </reporter-output>
        </test-method> <!-- signUpPageTitleTest -->
        <test-method is-config="true" signature="tearDown()[pri:0, instance:com.facebook.qa.test.SignUpPageTest@531c311e]" started-at="2022-07-21T16:16:03Z" name="tearDown" finished-at="2022-07-21T16:16:04Z" duration-ms="839" status="PASS">
          <reporter-output>
          </reporter-output>
        </test-method> <!-- tearDown -->
        <test-method is-config="true" signature="setUp()[pri:0, instance:com.facebook.qa.test.SignUpPageTest@531c311e]" started-at="2022-07-21T16:16:04Z" name="setUp" finished-at="2022-07-21T16:16:14Z" duration-ms="10191" status="PASS">
          <reporter-output>
          </reporter-output>
        </test-method> <!-- setUp -->
        <test-method signature="SignUpTest()[pri:2, instance:com.facebook.qa.test.SignUpPageTest@531c311e]" started-at="2022-07-21T16:16:14Z" name="SignUpTest" finished-at="2022-07-21T16:16:17Z" duration-ms="2944" status="PASS">
          <reporter-output>
          </reporter-output>
        </test-method> <!-- SignUpTest -->
        <test-method is-config="true" signature="tearDown()[pri:0, instance:com.facebook.qa.test.SignUpPageTest@531c311e]" started-at="2022-07-21T16:16:17Z" name="tearDown" finished-at="2022-07-21T16:16:18Z" duration-ms="755" status="PASS">
          <reporter-output>
          </reporter-output>
        </test-method> <!-- tearDown -->
      </class> <!-- com.facebook.qa.test.SignUpPageTest -->
    </test> <!-- Default test -->
  </suite> <!-- Default suite -->
</testng-results>
